<?xml version="1.0" encoding="UTF-8"?>
<!-- Generated by org.testng.reporters.JUnitXMLReporter -->
<testsuite ignored="0" hostname="LAPTOP-52NJGNB2" failures="0" tests="3" name="Default test" time="61.744" errors="0" timestamp="06 Jul. 2023 01:36:27 GMT">
  <testcase classname="tests.ShoppingPageTest" name="validateShoppingPageTitle" time="2.55"/>
  <testcase classname="tests.ShoppingPageTest" name="confirmBucketItemTest" time="1.289"/>
  <testcase classname="tests.ShoppingPageTest" name="confirmCartItemsTest" time="1.197"/>
</testsuite> <!-- Default test -->
